#
# There is insufficient memory for the Java Runtime Environment to continue.
# Native memory allocation (mmap) failed to map 8388608 bytes for G1 virtual space
# Possible reasons:
#   The system is out of physical RAM or swap space
#   The process is running with CompressedOops enabled, and the Java Heap may be blocking the growth of the native heap
# Possible solutions:
#   Reduce memory load on the system
#   Increase physical memory or swap space
#   Check if swap backing store is full
#   Decrease Java heap size (-Xmx/-Xms)
#   Decrease number of Java threads
#   Decrease Java thread stack sizes (-Xss)
#   Set larger code cache with -XX:ReservedCodeCacheSize=
#   JVM is running with Unscaled Compressed Oops mode in which the Java heap is
#     placed in the first 4GB address space. The Java Heap base address is the
#     maximum limit for the native heap growth. Please use -XX:HeapBaseMinAddress
#     to set the Java Heap base and to place the Java Heap above 4GB virtual address.
# This output file may be truncated or incomplete.
#
#  Out of Memory Error (os_windows.cpp:3530), pid=10252, tid=13504
#
# JRE version:  (18.0.2+9) (build )
# Java VM: Java HotSpot(TM) 64-Bit Server VM (18.0.2+9-61, mixed mode, sharing, tiered, compressed oops, compressed class ptrs, g1 gc, windows-amd64)
# No core dump will be written. Minidumps are not enabled by default on client versions of Windows
#

---------------  S U M M A R Y ------------

Command Line: -Dapplication.home=C:\Program Files\Java\jdk-18.0.2 --add-modules=ALL-DEFAULT -Xms8m -Djdk.module.main=jdk.compiler jdk.compiler/com.sun.tools.javac.Main 3_14.java

Host: Intel(R) Core(TM) i3-10110U CPU @ 2.10GHz, 4 cores, 3G,  Windows 11 , 64 bit Build 22000 (10.0.22000.708)
Time: Sun Nov  6 22:16:41 2022 India Standard Time elapsed time: 0.011776 seconds (0d 0h 0m 0s)

---------------  T H R E A D  ---------------

Current thread (0x000001a0dd1b08f0):  JavaThread "Unknown thread" [_thread_in_vm, id=13504, stack(0x000000499ed00000,0x000000499ee00000)]

Stack: [0x000000499ed00000,0x000000499ee00000]
Native frames: (J=compiled Java code, j=interpreted, Vv=VM code, C=native code)
V  [jvm.dll+0x6993ca]
V  [jvm.dll+0x7f481d]
V  [jvm.dll+0x7f612e]
V  [jvm.dll+0x7f67e3]
V  [jvm.dll+0x25cdaf]
V  [jvm.dll+0x696319]
V  [jvm.dll+0x68ae4a]
V  [jvm.dll+0x3223eb]
V  [jvm.dll+0x329dc6]
V  [jvm.dll+0x37eade]
V  [jvm.dll+0x37ed0f]
V  [jvm.dll+0x2fa16a]
V  [jvm.dll+0x2fb1cd]
V  [jvm.dll+0x7c3450]
V  [jvm.dll+0x38be61]
V  [jvm.dll+0x7a2073]
V  [jvm.dll+0x40dc3f]
V  [jvm.dll+0x40f611]
C  [jli.dll+0x526b]
C  [ucrtbase.dll+0x26c0c]
C  [KERNEL32.DLL+0x154e0]
C  [ntdll.dll+0x485b]


---------------  P R O C E S S  ---------------

Threads class SMR info:
_java_thread_list=0x00007ffff12ce550, length=0, elements={
}

Java Threads: ( => current thread )

Other Threads:
  0x000001a0dd1efbb0 WorkerThread "GC Thread#0" [stack: 0x000000499ee00000,0x000000499ef00000] [id=1084]
  0x000001a0dd1f8740 ConcurrentGCThread "G1 Main Marker" [stack: 0x000000499ef00000,0x000000499f000000] [id=15140]
  0x000001a0dd1f98d0 WorkerThread "G1 Conc#0" [stack: 0x000000499f000000,0x000000499f100000] [id=4804]

[error occurred during error reporting (printing all threads), id 0xc0000005, EXCEPTION_ACCESS_VIOLATION (0xc0000005) at pc=0x00007ffff0afa707]

VM state: not at safepoint (not fully initialized)

VM Mutex/Monitor currently owned by a thread:  ([mutex/lock_event])
[0x000001a0dd1ae6c0] Heap_lock - owner thread: 0x000001a0dd1b08f0

Heap address: 0x00000000c2800000, size: 984 MB, Compressed Oops mode: 32-bit

CDS archive(s) mapped at: [0x0000000000000000-0x0000000000000000-0x0000000000000000), size 0, SharedBaseAddress: 0x0000000800000000, ArchiveRelocationMode: 0.
Narrow klass base: 0x0000000000000000, Narrow klass shift: 0, Narrow klass range: 0x0

GC Precious Log:
 CardTable entry size: 512
 Card Set container configuration: InlinePtr #cards 5 size 8 Array Of Cards #cards 12 size 40 Howl #buckets 4 coarsen threshold 1843 Howl Bitmap #cards 512 size 80 coarsen threshold 460 Card regions per heap region 1 cards per card region 2048

Heap:
 garbage-first heap   total 0K, used 0K [0x00000000c2800000, 0x0000000100000000)
  region size 1024K, 0 young (0K), 0 survivors (0K)

[error occurred during error reporting (printing heap information), id 0xc0000005, EXCEPTION_ACCESS_VIOLATION (0xc0000005) at pc=0x00007ffff0ee1859]

GC Heap History (0 events):
No events

Deoptimization events (0 events):
No events

Classes loaded (0 events):
No events

Classes unloaded (0 events):
No events

Classes redefined (0 events):
No events

Internal exceptions (0 events):
No events

VM Operations (0 events):
No events

Events (1 events):
Event: 0.006 Loaded shared library C:\Program Files\Java\jdk-18.0.2\bin\java.dll


Dynamic libraries:
0x00007ff6398e0000 - 0x00007ff6398e8000 	C:\Program Files\Java\jdk-18.0.2\bin\javac.exe
0x00007ff840bc0000 - 0x00007ff840dc9000 	C:\WINDOWS\SYSTEM32\ntdll.dll
0x00007ff840060000 - 0x00007ff84011d000 	C:\WINDOWS\System32\KERNEL32.DLL
0x00007ff83e590000 - 0x00007ff83e90d000 	C:\WINDOWS\System32\KERNELBASE.dll
0x00007ff83e140000 - 0x00007ff83e251000 	C:\WINDOWS\System32\ucrtbase.dll
0x00007ff82cff0000 - 0x00007ff82d00a000 	C:\Program Files\Java\jdk-18.0.2\bin\VCRUNTIME140.dll
0x00007ff82c8e0000 - 0x00007ff82c8f8000 	C:\Program Files\Java\jdk-18.0.2\bin\jli.dll
0x00007ff83f8d0000 - 0x00007ff83f97e000 	C:\WINDOWS\System32\ADVAPI32.dll
0x00007ff83ffb0000 - 0x00007ff840053000 	C:\WINDOWS\System32\msvcrt.dll
0x00007ff83f980000 - 0x00007ff83fa1e000 	C:\WINDOWS\System32\sechost.dll
0x00007ff840120000 - 0x00007ff840240000 	C:\WINDOWS\System32\RPCRT4.dll
0x00007ff83ef10000 - 0x00007ff83f0bd000 	C:\WINDOWS\System32\USER32.dll
0x00007ff83e3d0000 - 0x00007ff83e3f6000 	C:\WINDOWS\System32\win32u.dll
0x00007ff826c80000 - 0x00007ff826f25000 	C:\WINDOWS\WinSxS\amd64_microsoft.windows.common-controls_6595b64144ccf1df_6.0.22000.120_none_9d947278b86cc467\COMCTL32.dll
0x00007ff83eb70000 - 0x00007ff83eb99000 	C:\WINDOWS\System32\GDI32.dll
0x00007ff83e400000 - 0x00007ff83e518000 	C:\WINDOWS\System32\gdi32full.dll
0x00007ff83e0a0000 - 0x00007ff83e13d000 	C:\WINDOWS\System32\msvcp_win.dll
0x00007ff8370c0000 - 0x00007ff8370ca000 	C:\WINDOWS\SYSTEM32\VERSION.dll
0x00007ff83f0d0000 - 0x00007ff83f101000 	C:\WINDOWS\System32\IMM32.DLL
0x00007ff83a9f0000 - 0x00007ff83a9fc000 	C:\Program Files\Java\jdk-18.0.2\bin\vcruntime140_1.dll
0x00007ff82aa10000 - 0x00007ff82aa9d000 	C:\Program Files\Java\jdk-18.0.2\bin\msvcp140.dll
0x00007ffff07f0000 - 0x00007ffff1401000 	C:\Program Files\Java\jdk-18.0.2\bin\server\jvm.dll
0x00007ff83ea70000 - 0x00007ff83ea78000 	C:\WINDOWS\System32\PSAPI.DLL
0x00007ff82ac70000 - 0x00007ff82ac79000 	C:\WINDOWS\SYSTEM32\WSOCK32.dll
0x00007ff838610000 - 0x00007ff838643000 	C:\WINDOWS\SYSTEM32\WINMM.dll
0x00007ff840240000 - 0x00007ff8402af000 	C:\WINDOWS\System32\ws2_32.DLL
0x00007ff83d1a0000 - 0x00007ff83d1b8000 	C:\WINDOWS\SYSTEM32\kernel.appcore.dll
0x00007ff8396a0000 - 0x00007ff8396aa000 	C:\Program Files\Java\jdk-18.0.2\bin\jimage.dll
0x00007ff8369d0000 - 0x00007ff836bf1000 	C:\WINDOWS\SYSTEM32\DBGHELP.DLL
0x00007ff831190000 - 0x00007ff8311c1000 	C:\WINDOWS\SYSTEM32\dbgcore.DLL
0x00007ff83e9d0000 - 0x00007ff83ea4f000 	C:\WINDOWS\System32\bcryptPrimitives.dll
0x00007ff82b350000 - 0x00007ff82b375000 	C:\Program Files\Java\jdk-18.0.2\bin\java.dll

dbghelp: loaded successfully - version: 4.0.5 - missing functions: none
symbol engine: initialized successfully - sym options: 0x614 - pdb path: .;C:\Program Files\Java\jdk-18.0.2\bin;C:\WINDOWS\SYSTEM32;C:\WINDOWS\WinSxS\amd64_microsoft.windows.common-controls_6595b64144ccf1df_6.0.22000.120_none_9d947278b86cc467;C:\Program Files\Java\jdk-18.0.2\bin\server

VM Arguments:
jvm_args: -Dapplication.home=C:\Program Files\Java\jdk-18.0.2 --add-modules=ALL-DEFAULT -Xms8m -Djdk.module.main=jdk.compiler 
java_command: jdk.compiler/com.sun.tools.javac.Main 3_14.java
java_class_path (initial): <not set>
Launcher Type: SUN_STANDARD

[Global flags]
     intx CICompilerCount                          = 3                                         {product} {ergonomic}
     uint ConcGCThreads                            = 1                                         {product} {ergonomic}
     uint G1ConcRefinementThreads                  = 4                                         {product} {ergonomic}
   size_t G1HeapRegionSize                         = 1048576                                   {product} {ergonomic}
    uintx GCDrainStackTargetSize                   = 64                                        {product} {ergonomic}
   size_t InitialHeapSize                          = 8388608                                   {product} {command line}
   size_t MarkStackSize                            = 4194304                                   {product} {ergonomic}
   size_t MaxHeapSize                              = 1031798784                                {product} {ergonomic}
   size_t MinHeapDeltaBytes                        = 1048576                                   {product} {ergonomic}
   size_t MinHeapSize                              = 8388608                                   {product} {command line}
    uintx NonNMethodCodeHeapSize                   = 5832780                                {pd product} {ergonomic}
    uintx NonProfiledCodeHeapSize                  = 122912730                              {pd product} {ergonomic}
    uintx ProfiledCodeHeapSize                     = 122912730                              {pd product} {ergonomic}
    uintx ReservedCodeCacheSize                    = 251658240                              {pd product} {ergonomic}
     bool SegmentedCodeCache                       = true                                      {product} {ergonomic}
   size_t SoftMaxHeapSize                          = 1031798784                             {manageable} {ergonomic}
     bool UseCompressedClassPointers               = true                           {product lp64_product} {ergonomic}
     bool UseCompressedOops                        = true                           {product lp64_product} {ergonomic}
     bool UseG1GC                                  = true                                      {product} {ergonomic}
     bool UseLargePagesIndividualAllocation        = false                                  {pd product} {ergonomic}

Logging:
Log output configuration:
 #0: stdout all=warning uptime,level,tags foldmultilines=false
 #1: stderr all=off uptime,level,tags foldmultilines=false

Environment Variables:
PATH=C:\Program Files\Common Files\Oracle\Java\javapath;C:\WINDOWS\system32;C:\WINDOWS;C:\WINDOWS\System32\Wbem;C:\WINDOWS\System32\WindowsPowerShell\v1.0\;C:\WINDOWS\System32\OpenSSH\;C:\Program Files\dotnet\;C:\Program Files\Microsoft SQL Server\130\Tools\Binn\;C:\Program Files\Microsoft SQL Server\Client SDK\ODBC\170\Tools\Binn\;C:\Program Files (x86)\dotnet\;C:\Program Files\Azure Data Studio\bin;C:\Program Files (x86)\Microsoft SQL Server\150\DTS\Binn\;C:\Program Files (x86)\Microsoft SQL Server\150\Tools\Binn\;C:\Program Files\Microsoft SQL Server\150\Tools\Binn\;C:\Program Files\Microsoft SQL Server\150\DTS\Binn\;C:\Users\Lenovo\AppData\Local\Programs\Python\Python310\Scripts\;C:\Users\Lenovo\AppData\Local\Programs\Python\Python310\;C:\Users\Lenovo\AppData\Local\Microsoft\WindowsApps;C:\Program Files\CodeBlocks\MinGW\bin;C:\Users\Lenovo\.dotnet\tools;C:\Users\Lenovo\AppData\Local\Programs\Microsoft VS Code\bin;;C:\Program Files\Azure Data Studio\bin
USERNAME=Tarun
OS=Windows_NT
PROCESSOR_IDENTIFIER=Intel64 Family 6 Model 142 Stepping 12, GenuineIntel



---------------  S Y S T E M  ---------------

OS:
 Windows 11 , 64 bit Build 22000 (10.0.22000.708)
OS uptime: 31 days 6:55 hours

CPU: total 4 (initial active 4) (2 cores per cpu, 2 threads per core) family 6 model 142 stepping 12 microcode 0xea, cx8, cmov, fxsr, ht, mmx, 3dnowpref, sse, sse2, sse3, ssse3, sse4.1, sse4.2, popcnt, lzcnt, tsc, tscinvbit, avx, avx2, aes, erms, clmul, bmi1, bmi2, adx, fma, vzeroupper, clflush, clflushopt

Memory: 4k page, system-wide physical 3930M (371M free)
TotalPageFile size 16218M (AvailPageFile size 7M)
current process WorkingSet (physical memory assigned to process): 10M, peak: 10M
current process commit charge ("private bytes"): 51M, peak: 59M

vm_info: Java HotSpot(TM) 64-Bit Server VM (18.0.2+9-61) for windows-amd64 JRE (18.0.2+9-61), built on Jun  7 2022 13:09:01 by "mach5one" with MS VC++ 16.8 / 16.9 (VS2019)

END.
